android/app/build/intermediates/manifest_merge_blame_file/debug/manifest-merger-blame-debug-report.txt
1<?xml version="1.0" encoding="utf-8"?>
2<manifest xmlns:android="http://schemas.android.com/apk/res/android"
3    package="com.testapp"
4    android:versionCode="1"
5    android:versionName="1.0" >
6
7    <uses-sdk
8        android:minSdkVersion="21"
9        android:targetSdkVersion="29" />
10
11    <uses-permission android:name="android.permission.SYSTEM_ALERT_WINDOW" />
11-->src/debug/AndroidManifest.xml:5:5-77
11-->src/debug/AndroidManifest.xml:5:22-75
12    <uses-permission android:name="android.permission.INTERNET" />
12-->src/main/AndroidManifest.xml:4:5-67
12-->src/main/AndroidManifest.xml:4:22-64
13    <uses-permission android:name="android.permission.ACCESS_WIFI_STATE" />
13-->[com.facebook.flipper:flipper:0.75.1] AndroidManifest.xml:16:5-76
13-->[com.facebook.flipper:flipper:0.75.1] AndroidManifest.xml:16:22-73
14
15    <application
15-->src/main/AndroidManifest.xml:6:5-37:19
16        android:name="com.testapp.MainApplication"
16-->src/main/AndroidManifest.xml:7:7-38
17        android:allowBackup="false"
17-->src/main/AndroidManifest.xml:11:7-34
18        android:appComponentFactory="androidx.core.app.CoreComponentFactory"
18-->[androidx.core:core:1.1.0] AndroidManifest.xml:24:18-86
19        android:debuggable="true"
20        android:icon="@mipmap/ic_launcher"
20-->src/main/AndroidManifest.xml:9:7-41
21        android:label="@string/app_name"
21-->src/main/AndroidManifest.xml:8:7-39
22        android:roundIcon="@mipmap/ic_launcher_round"
22-->src/main/AndroidManifest.xml:10:7-52
23        android:theme="@style/AppTheme"
23-->src/main/AndroidManifest.xml:12:7-38
24        android:usesCleartextTraffic="true" >
24-->src/debug/AndroidManifest.xml:8:9-44
25        <activity android:name="com.facebook.react.devsupport.DevSettingsActivity" />
25-->src/debug/AndroidManifest.xml:11:9-86
25-->src/debug/AndroidManifest.xml:11:19-83
26        <!-- Splsh Activity -->
27        <activity
27-->src/main/AndroidManifest.xml:16:7-27:18
28            android:name="com.testapp.SplashActivity"
28-->src/main/AndroidManifest.xml:17:9-39
29            android:configChanges="keyboard|keyboardHidden|orientation|screenSize"
29-->src/main/AndroidManifest.xml:20:9-79
30            android:exported="true"
30-->src/main/AndroidManifest.xml:22:5-28
31            android:label="@string/app_name"
31-->src/main/AndroidManifest.xml:19:9-41
32            android:theme="@style/SplashTheme"
32-->src/main/AndroidManifest.xml:18:9-43
33            android:windowSoftInputMode="adjustPan" >
33-->src/main/AndroidManifest.xml:21:5-44
34            <intent-filter>
34-->src/main/AndroidManifest.xml:23:9-26:23
35                <action android:name="android.intent.action.MAIN" />
35-->src/main/AndroidManifest.xml:24:9-61
35-->src/main/AndroidManifest.xml:24:17-58
36
37                <category android:name="android.intent.category.LAUNCHER" />
37-->src/main/AndroidManifest.xml:25:9-69
37-->src/main/AndroidManifest.xml:25:19-66
38            </intent-filter>
39        </activity>
40        <activity
40-->src/main/AndroidManifest.xml:30:7-36:18
41            android:name="com.testapp.MainActivity"
41-->src/main/AndroidManifest.xml:31:9-37
42            android:configChanges="keyboard|keyboardHidden|orientation|screenSize|uiMode"
42-->src/main/AndroidManifest.xml:33:9-86
43            android:label="@string/app_name"
43-->src/main/AndroidManifest.xml:32:9-41
44            android:launchMode="singleTask"
44-->src/main/AndroidManifest.xml:34:9-40
45            android:windowSoftInputMode="adjustResize" >
45-->src/main/AndroidManifest.xml:35:9-51
46        </activity>
47    </application>
48
49</manifest>